[INFO ] 2019-04-01 16:09:03,608 com.yitu2.demo.DemoApplication - Starting DemoApplication on localhost with PID 6216 (D:\nan\maven\demo\target\classes started by Administrator in D:\nan\maven\demo)
[DEBUG] 2019-04-01 16:09:03,628 com.yitu2.demo.DemoApplication - Running with Spring Boot v2.1.3.RELEASE, Spring v5.1.5.RELEASE
[INFO ] 2019-04-01 16:09:03,629 com.yitu2.demo.DemoApplication - No active profile set, falling back to default profiles: default
[INFO ] 2019-04-01 16:09:07,937 com.yitu2.demo.DemoApplication - Started DemoApplication in 5.44 seconds (JVM running for 6.748)
[DEBUG] 2019-04-01 16:09:12,046 com.yitu2.demo.dao.MainDao.listStudent_COUNT - ==>  Preparing: SELECT count(0) FROM student
[DEBUG] 2019-04-01 16:09:12,071 com.yitu2.demo.dao.MainDao.listStudent_COUNT - ==> Parameters:
[DEBUG] 2019-04-01 16:09:12,097 com.yitu2.demo.dao.MainDao.listStudent_COUNT - <==      Total: 1
[DEBUG] 2019-04-01 16:09:12,098 HomepageAD - ==>  Preparing: select studentId,name from student LIMIT ?
[DEBUG] 2019-04-01 16:09:12,098 HomepageAD - ==> Parameters: 1(Integer)
[DEBUG] 2019-04-01 16:09:12,101 HomepageAD - <==      Total: 1
[INFO ] 2019-04-01 16:09:12,102 com.yitu2.demo.controller.TestController - listStudent
[DEBUG] 2019-04-01 16:09:12,561 com.yitu2.demo.dao.MainDao.listStudent_COUNT - ==>  Preparing: SELECT count(0) FROM student
[DEBUG] 2019-04-01 16:09:12,561 com.yitu2.demo.dao.MainDao.listStudent_COUNT - ==> Parameters:
[DEBUG] 2019-04-01 16:09:12,563 com.yitu2.demo.dao.MainDao.listStudent_COUNT - <==      Total: 1
[DEBUG] 2019-04-01 16:09:12,564 HomepageAD - ==>  Preparing: select studentId,name from student LIMIT ?
[DEBUG] 2019-04-01 16:09:12,564 HomepageAD - ==> Parameters: 1(Integer)
[DEBUG] 2019-04-01 16:09:12,565 HomepageAD - <==      Total: 1
[INFO ] 2019-04-01 16:09:12,565 com.yitu2.demo.controller.TestController - listStudent
[INFO ] 2019-04-01 16:23:20,041 com.yitu2.demo.DemoApplication - Starting DemoApplication on localhost with PID 6216 (D:\nan\maven\demo\target\classes started by Administrator in D:\nan\maven\demo)
[DEBUG] 2019-04-01 16:23:20,041 com.yitu2.demo.DemoApplication - Running with Spring Boot v2.1.3.RELEASE, Spring v5.1.5.RELEASE
[INFO ] 2019-04-01 16:23:20,042 com.yitu2.demo.DemoApplication - No active profile set, falling back to default profiles: default
[INFO ] 2019-04-01 16:23:22,009 com.yitu2.demo.DemoApplication - Starting DemoApplication on localhost with PID 6216 (D:\nan\maven\demo\target\classes started by Administrator in D:\nan\maven\demo)
[DEBUG] 2019-04-01 16:23:22,009 com.yitu2.demo.DemoApplication - Running with Spring Boot v2.1.3.RELEASE, Spring v5.1.5.RELEASE
[INFO ] 2019-04-01 16:23:22,009 com.yitu2.demo.DemoApplication - No active profile set, falling back to default profiles: default
[INFO ] 2019-04-01 16:23:22,533 com.yitu2.demo.DemoApplication - Started DemoApplication in 0.552 seconds (JVM running for 865.563)
